<?xml version="1.0" encoding="UTF-8"?>
<!-- Generated by org.testng.reporters.JUnitXMLReporter -->
<testsuite ignored="0" hostname="DESKTOP-SSA55LP" failures="0" tests="6" name="Test" time="0.136" errors="0" timestamp="2022-02-21T17:13:38 CET">
  <testcase classname="testinpackage.NewTest1" name="addcurrency" time="0.008"/>
  <testcase classname="testinpackage.NewTest1" name="addproduct" time="0.0"/>
  <testcase classname="testinpackage.NewTest1" name="addvendor" time="0.008"/>
  <testcase classname="testinpackage.NewTest2" name="deletevendor" time="0.008"/>
  <testcase classname="testinpackage.NewTest2" name="deleteproduct" time="0.008"/>
  <testcase classname="testinpackage.NewTest2" name="deletecurrency" time="0.0"/>
</testsuite> <!-- Test -->
