<?xml version="1.0" encoding="UTF-8"?>
<!-- Generated by org.testng.reporters.JUnitXMLReporter -->
<testsuite ignored="0" hostname="DESKTOP-SSA55LP" failures="0" tests="3" name="Test" time="0.142" errors="0" timestamp="2022-02-22T00:40:54 CET">
  <testcase classname="testinpackage.NewTest4" name="testcase2" time="0.036"/>
  <testcase classname="testinpackage.NewTest4" name="testcase1" time="0.045"/>
  <testcase classname="testinpackage.NewTest4" name="testcase3" time="0.008"/>
</testsuite> <!-- Test -->
