<?xml version="1.0" encoding="UTF-8"?>
<!-- Generated by org.testng.reporters.JUnitXMLReporter -->
<testsuite ignored="0" hostname="DESKTOP-SSA55LP" failures="0" tests="6" name="Sanity" time="0.188" errors="0" timestamp="2022-02-21T16:07:11 CET">
  <testcase classname="NewTest1" name="addcurrency" time="0.016"/>
  <testcase classname="NewTest1" name="addproduct" time="0.0"/>
  <testcase classname="NewTest1" name="addvendor" time="0.008"/>
  <testcase classname="NewTest2" name="deletevendor" time="0.0"/>
  <testcase classname="NewTest2" name="deleteproduct" time="0.008"/>
  <testcase classname="NewTest2" name="deletecurrency" time="0.008"/>
</testsuite> <!-- Sanity -->
